17:04:51,669 (main) DEBUG [DataNucleus.General] - Using PluginRegistry org.datanucleus.plugin.NonManagedPluginRegistry
17:04:51,692 (main) DEBUG [DataNucleus.General] - Registering bundle org.sonatype.inject version 2.3.0 at URL file:/usr/local/maven2-repository/org/sonatype/sisu/sisu-inject-bean/2.3.0/sisu-inject-bean-2.3.0.jar.
17:04:51,704 (main) DEBUG [DataNucleus.General] - Loading extension points from plug-in file jar:file:/usr/local/maven2-repository/org/sonatype/sisu/sisu-inject-bean/2.3.0/sisu-inject-bean-2.3.0.jar!/plugin.xml.
17:04:51,706 (main) DEBUG [DataNucleus.General] - Loading extensions from plug-in file jar:file:/usr/local/maven2-repository/org/sonatype/sisu/sisu-inject-bean/2.3.0/sisu-inject-bean-2.3.0.jar!/plugin.xml.
17:04:51,707 (main) DEBUG [DataNucleus.General] - Registering bundle org.datanucleus version 4.0.4.SNAPSHOT at URL file:/usr/local/maven2-repository/org/datanucleus/datanucleus-core/4.0.4-SNAPSHOT/datanucleus-core-4.0.4-SNAPSHOT.jar.
17:04:51,720 (main) DEBUG [DataNucleus.General] - Loading extension points from plug-in file jar:file:/usr/local/maven2-repository/org/datanucleus/datanucleus-core/4.0.4-SNAPSHOT/datanucleus-core-4.0.4-SNAPSHOT.jar!/plugin.xml.
17:04:51,735 (main) DEBUG [DataNucleus.General] - Loading extensions from plug-in file jar:file:/usr/local/maven2-repository/org/datanucleus/datanucleus-core/4.0.4-SNAPSHOT/datanucleus-core-4.0.4-SNAPSHOT.jar!/plugin.xml.
17:04:51,740 (main) DEBUG [DataNucleus.General] - Registering bundle org.datanucleus.store.rdbms version 4.0.5.SNAPSHOT at URL file:/usr/local/maven2-repository/org/datanucleus/datanucleus-rdbms/4.0.5-SNAPSHOT/datanucleus-rdbms-4.0.5-SNAPSHOT.jar.
17:04:51,838 (main) DEBUG [DataNucleus.General] - Loading extension points from plug-in file jar:file:/usr/local/maven2-repository/org/datanucleus/datanucleus-rdbms/4.0.5-SNAPSHOT/datanucleus-rdbms-4.0.5-SNAPSHOT.jar!/plugin.xml.
17:04:51,850 (main) DEBUG [DataNucleus.General] - Loading extensions from plug-in file jar:file:/usr/local/maven2-repository/org/datanucleus/datanucleus-rdbms/4.0.5-SNAPSHOT/datanucleus-rdbms-4.0.5-SNAPSHOT.jar!/plugin.xml.
17:04:51,855 (main) DEBUG [DataNucleus.General] - Registering bundle org.datanucleus.api.jdo version 4.0.4.SNAPSHOT at URL file:/usr/local/maven2-repository/org/datanucleus/datanucleus-api-jdo/4.0.4-SNAPSHOT/datanucleus-api-jdo-4.0.4-SNAPSHOT.jar.
17:04:51,857 (main) DEBUG [DataNucleus.General] - Loading extension points from plug-in file jar:file:/usr/local/maven2-repository/org/datanucleus/datanucleus-api-jdo/4.0.4-SNAPSHOT/datanucleus-api-jdo-4.0.4-SNAPSHOT.jar!/plugin.xml.
17:04:51,857 (main) DEBUG [DataNucleus.General] - Loading extensions from plug-in file jar:file:/usr/local/maven2-repository/org/datanucleus/datanucleus-api-jdo/4.0.4-SNAPSHOT/datanucleus-api-jdo-4.0.4-SNAPSHOT.jar!/plugin.xml.
17:04:51,877 (main) DEBUG [DataNucleus.Persistence] - Java types support initialising ...
17:04:51,906 (main) DEBUG [DataNucleus.Persistence] - Java types support loaded : supported java types=[B, [C, [D, [F, [I, [J, [Ljava.lang.Boolean;, [Ljava.lang.Byte;, [Ljava.lang.Character;, [Ljava.lang.Double;, [Ljava.lang.Enum;, [Ljava.lang.Float;, [Ljava.lang.Integer;, [Ljava.lang.Long;, [Ljava.lang.Number;, [Ljava.lang.Short;, [Ljava.lang.String;, [Ljava.math.BigDecimal;, [Ljava.math.BigInteger;, [Ljava.util.Date;, [Ljava.util.Locale;, [S, [Z, boolean, byte, char, double, float, int, java.awt.Color, java.awt.image.BufferedImage, java.lang.Boolean, java.lang.Byte, java.lang.Character, java.lang.Class, java.lang.Double, java.lang.Enum, java.lang.Float, java.lang.Integer, java.lang.Long, java.lang.Number, java.lang.Short, java.lang.String, java.lang.StringBuffer, java.lang.StringBuilder, java.math.BigDecimal, java.math.BigInteger, java.net.URI, java.net.URL, java.sql.Date, java.sql.Time, java.sql.Timestamp, java.util.ArrayList, java.util.Arrays$ArrayList, java.util.BitSet, java.util.Calendar, java.util.Collection, java.util.Currency, java.util.Date, java.util.GregorianCalendar, java.util.HashMap, java.util.HashSet, java.util.Hashtable, java.util.LinkedHashMap, java.util.LinkedHashSet, java.util.LinkedList, java.util.List, java.util.Locale, java.util.Map, java.util.PriorityQueue, java.util.Properties, java.util.Queue, java.util.Set, java.util.SortedMap, java.util.SortedSet, java.util.Stack, java.util.TimeZone, java.util.TreeMap, java.util.TreeSet, java.util.UUID, java.util.Vector, long, short
17:04:51,906 (main) DEBUG [DataNucleus.Persistence] - Type converter support initialising ...
17:04:51,921 (main) DEBUG [DataNucleus.Persistence] - Type converter support loaded
17:04:51,921 (main) DEBUG [DataNucleus.Persistence] - TypeConverter(s) available for byte[] to : java.nio.ByteBuffer
17:04:51,921 (main) DEBUG [DataNucleus.Persistence] - TypeConverter(s) available for char[] to : java.nio.ByteBuffer
17:04:51,921 (main) DEBUG [DataNucleus.Persistence] - TypeConverter(s) available for double[] to : java.nio.ByteBuffer
17:04:51,921 (main) DEBUG [DataNucleus.Persistence] - TypeConverter(s) available for float[] to : java.nio.ByteBuffer
17:04:51,921 (main) DEBUG [DataNucleus.Persistence] - TypeConverter(s) available for int[] to : java.nio.ByteBuffer
17:04:51,921 (main) DEBUG [DataNucleus.Persistence] - TypeConverter(s) available for long[] to : java.nio.ByteBuffer
17:04:51,921 (main) DEBUG [DataNucleus.Persistence] - TypeConverter(s) available for short[] to : java.nio.ByteBuffer
17:04:51,921 (main) DEBUG [DataNucleus.Persistence] - TypeConverter(s) available for boolean[] to : java.nio.ByteBuffer
17:04:51,921 (main) DEBUG [DataNucleus.Persistence] - TypeConverter(s) available for java.awt.Color to : int[],java.lang.String
17:04:51,921 (main) DEBUG [DataNucleus.Persistence] - TypeConverter(s) available for java.io.Serializable to : java.lang.String,byte[],java.nio.ByteBuffer
17:04:51,921 (main) DEBUG [DataNucleus.Persistence] - TypeConverter(s) available for java.lang.Boolean to : java.lang.Character,java.lang.Integer
17:04:51,921 (main) DEBUG [DataNucleus.Persistence] - TypeConverter(s) available for java.lang.Character to : java.lang.String
17:04:51,921 (main) DEBUG [DataNucleus.Persistence] - TypeConverter(s) available for java.lang.Class to : java.lang.String
17:04:51,921 (main) DEBUG [DataNucleus.Persistence] - TypeConverter(s) available for java.lang.Integer to : java.lang.String
17:04:51,921 (main) DEBUG [DataNucleus.Persistence] - TypeConverter(s) available for java.lang.Long to : java.lang.String
17:04:51,921 (main) DEBUG [DataNucleus.Persistence] - TypeConverter(s) available for java.lang.StringBuffer to : java.lang.String
17:04:51,922 (main) DEBUG [DataNucleus.Persistence] - TypeConverter(s) available for java.lang.StringBuilder to : java.lang.String
17:04:51,922 (main) DEBUG [DataNucleus.Persistence] - TypeConverter(s) available for java.math.BigDecimal to : java.lang.String,java.lang.Double,java.nio.ByteBuffer
17:04:51,922 (main) DEBUG [DataNucleus.Persistence] - TypeConverter(s) available for java.math.BigInteger to : java.lang.String,java.nio.ByteBuffer,java.lang.Long
17:04:51,922 (main) DEBUG [DataNucleus.Persistence] - TypeConverter(s) available for java.net.URI to : java.lang.String
17:04:51,922 (main) DEBUG [DataNucleus.Persistence] - TypeConverter(s) available for java.net.URL to : java.lang.String
17:04:51,922 (main) DEBUG [DataNucleus.Persistence] - TypeConverter(s) available for java.sql.Date to : java.lang.String,java.util.Date,java.lang.Long
17:04:51,922 (main) DEBUG [DataNucleus.Persistence] - TypeConverter(s) available for java.sql.Time to : java.lang.String,java.util.Date,java.lang.Long
17:04:51,922 (main) DEBUG [DataNucleus.Persistence] - TypeConverter(s) available for java.sql.Timestamp to : java.lang.String,java.util.Date,java.lang.Long
17:04:51,922 (main) DEBUG [DataNucleus.Persistence] - TypeConverter(s) available for java.util.BitSet to : java.lang.String
17:04:51,922 (main) DEBUG [DataNucleus.Persistence] - TypeConverter(s) available for java.util.Calendar to : java.sql.Timestamp,java.lang.String,[Ljava.lang.Object;,java.util.Date
17:04:51,922 (main) DEBUG [DataNucleus.Persistence] - TypeConverter(s) available for java.util.Currency to : java.lang.String
17:04:51,922 (main) DEBUG [DataNucleus.Persistence] - TypeConverter(s) available for java.util.Date to : java.lang.String,java.lang.Long
17:04:51,922 (main) DEBUG [DataNucleus.Persistence] - TypeConverter(s) available for java.util.Locale to : java.lang.String
17:04:51,922 (main) DEBUG [DataNucleus.Persistence] - TypeConverter(s) available for java.util.TimeZone to : java.lang.String
17:04:51,922 (main) DEBUG [DataNucleus.Persistence] - TypeConverter(s) available for java.util.UUID to : java.lang.String
17:04:51,924 (main) DEBUG [DataNucleus.MetaData] - MetaDataManager : Input=(XML,Annotations), XML-Validation=false, XML-Suffices=(persistence=*.jdo, orm=orm, query=*.jdoquery), JDO-listener=false
17:04:51,924 (main) INFO  [DataNucleus.Enhancer] - DataNucleus Enhancer (version 4.0.4.SNAPSHOT) for API "JDO"
17:04:51,924 (main) DEBUG [DataNucleus.Enhancer] - DataNucleus Enhancer : Classpath
17:04:51,924 (main) DEBUG [DataNucleus.Enhancer] - >>  /usr/local/maven3/boot/plexus-classworlds-2.4.jar
17:04:51,924 (main) DEBUG [DataNucleus.Enhancer] - Enhancing classes
17:04:51,928 (main) DEBUG [DataNucleus.MetaData] - Parsing MetaData file "file:/home/andy/work/datanucleus/samples-jdo/osgi_basic/target/classes/META-INF/persistence.xml" using handler "persistence" (validation="false")
17:04:51,935 (main) DEBUG [DataNucleus.MetaData] - MetaData Management : Loading Metadata for persistence-unit "PU" ...
17:04:51,938 (main) DEBUG [DataNucleus.MetaData] - Class "org.datanucleus.samples.jdo.osgi.JdoMain" found to be part of persistence-unit "PU" so loading it in case it is persistable
17:04:51,938 (main) DEBUG [DataNucleus.MetaData] - Class "org.datanucleus.samples.jdo.osgi.Person" found to be part of persistence-unit "PU" so loading it in case it is persistable
17:04:51,939 (main) DEBUG [DataNucleus.MetaData] - Class org.datanucleus.samples.jdo.osgi.JdoMain was specified in persistence-unit (maybe by not putting exclude-unlisted-classes) PU but not annotated, so ignoring
17:04:51,979 (main) DEBUG [DataNucleus.MetaData] - Class "org.datanucleus.samples.jdo.osgi.Person" has been specified with JDO annotations so using those.
17:04:51,984 (main) DEBUG [DataNucleus.MetaData] - Populating all MetaData ...
17:04:51,985 (main) DEBUG [DataNucleus.MetaData] - Class "org.datanucleus.samples.jdo.osgi.Person" : Populating Meta-Data
17:04:51,985 (main) DEBUG [DataNucleus.MetaData] - Class "org.datanucleus.samples.jdo.osgi.Person" field "name" : Adding Meta-Data for field since it didnt appear in the Meta-Data definition.
17:04:51,985 (main) DEBUG [DataNucleus.MetaData] - Class "org.datanucleus.samples.jdo.osgi.Person" field "address" : Adding Meta-Data for field since it didnt appear in the Meta-Data definition.
17:04:51,986 (main) DEBUG [DataNucleus.MetaData] - Class "org.datanucleus.samples.jdo.osgi.Person" field "age" : Adding Meta-Data for field since it didnt appear in the Meta-Data definition.
17:04:51,988 (main) DEBUG [DataNucleus.MetaData] - Initialising all MetaData ...
17:04:51,988 (main) DEBUG [DataNucleus.MetaData] - Class "org.datanucleus.samples.jdo.osgi.Person" : Initialising Meta-Data
17:04:51,990 (main) DEBUG [DataNucleus.MetaData] - MetaData Management : Load of Metadata complete
17:04:51,996 (main) DEBUG [DataNucleus.Enhancer] - Enhance of class "org.datanucleus.samples.jdo.osgi.Person" starting ...
17:04:52,010 (main) DEBUG [DataNucleus.Enhancer] - Class "org.datanucleus.samples.jdo.osgi.Person" doesnt implement the interface "org.datanucleus.enhancer.Persistable" but is required
17:04:52,010 (main) DEBUG [DataNucleus.Enhancer] - Class "org.datanucleus.samples.jdo.osgi.Person" doesnt have field "dnStateManager" but is required
17:04:52,010 (main) DEBUG [DataNucleus.Enhancer] - Class "org.datanucleus.samples.jdo.osgi.Person" doesnt have field "dnInheritedFieldCount" but is required
17:04:52,010 (main) DEBUG [DataNucleus.Enhancer] - Class "org.datanucleus.samples.jdo.osgi.Person" doesnt have field "dnFlags" but is required
17:04:52,010 (main) DEBUG [DataNucleus.Enhancer] - Class "org.datanucleus.samples.jdo.osgi.Person" doesnt have field "dnFieldTypes" but is required
17:04:52,010 (main) DEBUG [DataNucleus.Enhancer] - Class "org.datanucleus.samples.jdo.osgi.Person" doesnt have field "dnFieldNames" but is required
17:04:52,010 (main) DEBUG [DataNucleus.Enhancer] - Class "org.datanucleus.samples.jdo.osgi.Person" doesnt have field "dnFieldFlags" but is required
17:04:52,010 (main) DEBUG [DataNucleus.Enhancer] - Class "org.datanucleus.samples.jdo.osgi.Person" doesnt have field "dnPersistableSuperclass" but is required
17:04:52,011 (main) DEBUG [DataNucleus.Enhancer] - Class "org.datanucleus.samples.jdo.osgi.Person" doesnt have method "dnReplaceField" but is required
17:04:52,011 (main) DEBUG [DataNucleus.Enhancer] - Class "org.datanucleus.samples.jdo.osgi.Person" doesnt have method "dnIsTransactional" but is required
17:04:52,011 (main) DEBUG [DataNucleus.Enhancer] - Class "org.datanucleus.samples.jdo.osgi.Person" doesnt have method "dnNewInstance" but is required
17:04:52,011 (main) DEBUG [DataNucleus.Enhancer] - Class "org.datanucleus.samples.jdo.osgi.Person" doesnt have method "dnNewInstance" but is required
17:04:52,011 (main) DEBUG [DataNucleus.Enhancer] - Class "org.datanucleus.samples.jdo.osgi.Person" doesnt have method "dnSuperClone" but is required
17:04:52,011 (main) DEBUG [DataNucleus.Enhancer] - Class "org.datanucleus.samples.jdo.osgi.Person" doesnt have method "dnProvideFields" but is required
17:04:52,011 (main) DEBUG [DataNucleus.Enhancer] - Class "org.datanucleus.samples.jdo.osgi.Person" doesnt have method "___dn$loadClass" but is required
17:04:52,011 (main) DEBUG [DataNucleus.Enhancer] - Class "org.datanucleus.samples.jdo.osgi.Person" doesnt have method "dnGetManagedFieldCount" but is required
17:04:52,011 (main) DEBUG [DataNucleus.Enhancer] - Class "org.datanucleus.samples.jdo.osgi.Person" doesnt have method "dnIsDirty" but is required
17:04:52,011 (main) DEBUG [DataNucleus.Enhancer] - Class "org.datanucleus.samples.jdo.osgi.Person" doesnt have method "dnReplaceStateManager" but is required
17:04:52,011 (main) DEBUG [DataNucleus.Enhancer] - Class "org.datanucleus.samples.jdo.osgi.Person" doesnt have method "dnReplaceFlags" but is required
17:04:52,011 (main) DEBUG [DataNucleus.Enhancer] - Class "org.datanucleus.samples.jdo.osgi.Person" doesnt have method "dnIsDetached" but is required
17:04:52,011 (main) DEBUG [DataNucleus.Enhancer] - Class "org.datanucleus.samples.jdo.osgi.Person" doesnt have method "dnMakeDirty" but is required
17:04:52,011 (main) DEBUG [DataNucleus.Enhancer] - Class "org.datanucleus.samples.jdo.osgi.Person" doesnt have method "__dnPersistableSuperclassInit" but is required
17:04:52,011 (main) DEBUG [DataNucleus.Enhancer] - Class "org.datanucleus.samples.jdo.osgi.Person" doesnt have method "dnIsDeleted" but is required
17:04:52,011 (main) DEBUG [DataNucleus.Enhancer] - Class "org.datanucleus.samples.jdo.osgi.Person" doesnt have method "__dnFieldFlagsInit" but is required
17:04:52,011 (main) DEBUG [DataNucleus.Enhancer] - Class "org.datanucleus.samples.jdo.osgi.Person" doesnt have method "__dnFieldTypesInit" but is required
17:04:52,011 (main) DEBUG [DataNucleus.Enhancer] - Class "org.datanucleus.samples.jdo.osgi.Person" doesnt have method "dnProvideField" but is required
17:04:52,011 (main) DEBUG [DataNucleus.Enhancer] - Class "org.datanucleus.samples.jdo.osgi.Person" doesnt have method "dnPreSerialize" but is required
17:04:52,011 (main) DEBUG [DataNucleus.Enhancer] - Class "org.datanucleus.samples.jdo.osgi.Person" doesnt have method "dnGetObjectId" but is required
17:04:52,011 (main) DEBUG [DataNucleus.Enhancer] - Class "org.datanucleus.samples.jdo.osgi.Person" doesnt have method "dnGetVersion" but is required
17:04:52,011 (main) DEBUG [DataNucleus.Enhancer] - Class "org.datanucleus.samples.jdo.osgi.Person" doesnt have method "dnGetTransactionalObjectId" but is required
17:04:52,011 (main) DEBUG [DataNucleus.Enhancer] - Class "org.datanucleus.samples.jdo.osgi.Person" doesnt have method "dnIsNew" but is required
17:04:52,011 (main) DEBUG [DataNucleus.Enhancer] - Class "org.datanucleus.samples.jdo.osgi.Person" doesnt have method "dnCopyKeyFieldsToObjectId" but is required
17:04:52,011 (main) DEBUG [DataNucleus.Enhancer] - Class "org.datanucleus.samples.jdo.osgi.Person" doesnt have method "dnCopyKeyFieldsToObjectId" but is required
17:04:52,011 (main) DEBUG [DataNucleus.Enhancer] - Class "org.datanucleus.samples.jdo.osgi.Person" doesnt have method "dnCopyField" but is required
17:04:52,011 (main) DEBUG [DataNucleus.Enhancer] - Class "org.datanucleus.samples.jdo.osgi.Person" doesnt have method "dnCopyKeyFieldsFromObjectId" but is required
17:04:52,011 (main) DEBUG [DataNucleus.Enhancer] - Class "org.datanucleus.samples.jdo.osgi.Person" doesnt have method "dnCopyKeyFieldsFromObjectId" but is required
17:04:52,012 (main) DEBUG [DataNucleus.Enhancer] - Class "org.datanucleus.samples.jdo.osgi.Person" doesnt have method "dnGetExecutionContext" but is required
17:04:52,012 (main) DEBUG [DataNucleus.Enhancer] - Class "org.datanucleus.samples.jdo.osgi.Person" doesnt have method "dnCopyFields" but is required
17:04:52,012 (main) DEBUG [DataNucleus.Enhancer] - Class "org.datanucleus.samples.jdo.osgi.Person" doesnt have method "__dnGetInheritedFieldCount" but is required
17:04:52,012 (main) DEBUG [DataNucleus.Enhancer] - Class "org.datanucleus.samples.jdo.osgi.Person" doesnt have method "dnNewObjectIdInstance" but is required
17:04:52,012 (main) DEBUG [DataNucleus.Enhancer] - Class "org.datanucleus.samples.jdo.osgi.Person" doesnt have method "dnNewObjectIdInstance" but is required
17:04:52,012 (main) DEBUG [DataNucleus.Enhancer] - Class "org.datanucleus.samples.jdo.osgi.Person" doesnt have method "dnIsPersistent" but is required
17:04:52,012 (main) DEBUG [DataNucleus.Enhancer] - Class "org.datanucleus.samples.jdo.osgi.Person" doesnt have method "dnReplaceFields" but is required
17:04:52,012 (main) DEBUG [DataNucleus.Enhancer] - Class "org.datanucleus.samples.jdo.osgi.Person" doesnt have method "__dnFieldNamesInit" but is required
17:04:52,018 (main) DEBUG [DataNucleus.Enhancer] - Adding interface: org.datanucleus.enhancer.Persistable
17:04:52,021 (main) DEBUG [DataNucleus.Enhancer] - Enhancing original method org.datanucleus.samples.jdo.osgi.Person.<init> : omitting enhance of set of field "org.datanucleus.samples.jdo.osgi.Person.id"
17:04:52,021 (main) DEBUG [DataNucleus.Enhancer] - Enhancing original method org.datanucleus.samples.jdo.osgi.Person.<init> : omitting enhance of set of field "org.datanucleus.samples.jdo.osgi.Person.name"
17:04:52,021 (main) DEBUG [DataNucleus.Enhancer] - Enhancing original method org.datanucleus.samples.jdo.osgi.Person.<init> : omitting enhance of set of field "org.datanucleus.samples.jdo.osgi.Person.address"
17:04:52,021 (main) DEBUG [DataNucleus.Enhancer] - Enhancing original method org.datanucleus.samples.jdo.osgi.Person.<init> : omitting enhance of set of field "org.datanucleus.samples.jdo.osgi.Person.age"
17:04:52,022 (main) DEBUG [DataNucleus.Enhancer] - Enhancing original method org.datanucleus.samples.jdo.osgi.Person.getId changing field "org.datanucleus.samples.jdo.osgi.Person.id" for call to "dnGetid()"
17:04:52,022 (main) DEBUG [DataNucleus.Enhancer] - Enhancing original method org.datanucleus.samples.jdo.osgi.Person.setId changing field "org.datanucleus.samples.jdo.osgi.Person.id" for call to "dnSetid()"
17:04:52,022 (main) DEBUG [DataNucleus.Enhancer] - Enhancing original method org.datanucleus.samples.jdo.osgi.Person.getName changing field "org.datanucleus.samples.jdo.osgi.Person.name" for call to "dnGetname()"
17:04:52,022 (main) DEBUG [DataNucleus.Enhancer] - Enhancing original method org.datanucleus.samples.jdo.osgi.Person.setName changing field "org.datanucleus.samples.jdo.osgi.Person.name" for call to "dnSetname()"
17:04:52,022 (main) DEBUG [DataNucleus.Enhancer] - Enhancing original method org.datanucleus.samples.jdo.osgi.Person.getAddress changing field "org.datanucleus.samples.jdo.osgi.Person.address" for call to "dnGetaddress()"
17:04:52,022 (main) DEBUG [DataNucleus.Enhancer] - Enhancing original method org.datanucleus.samples.jdo.osgi.Person.setAddress changing field "org.datanucleus.samples.jdo.osgi.Person.address" for call to "dnSetaddress()"
17:04:52,022 (main) DEBUG [DataNucleus.Enhancer] - Enhancing original method org.datanucleus.samples.jdo.osgi.Person.getAge changing field "org.datanucleus.samples.jdo.osgi.Person.age" for call to "dnGetage()"
17:04:52,022 (main) DEBUG [DataNucleus.Enhancer] - Enhancing original method org.datanucleus.samples.jdo.osgi.Person.setAge changing field "org.datanucleus.samples.jdo.osgi.Person.age" for call to "dnSetage()"
17:04:52,022 (main) DEBUG [DataNucleus.Enhancer] - Adding field "org.datanucleus.state.StateManager dnStateManager"
17:04:52,022 (main) DEBUG [DataNucleus.Enhancer] - Adding field "byte dnFlags"
17:04:52,022 (main) DEBUG [DataNucleus.Enhancer] - Adding field "[B dnFieldFlags"
17:04:52,022 (main) DEBUG [DataNucleus.Enhancer] - Adding field "java.lang.Class dnPersistableSuperclass"
17:04:52,022 (main) DEBUG [DataNucleus.Enhancer] - Adding field "[Ljava.lang.Class; dnFieldTypes"
17:04:52,023 (main) DEBUG [DataNucleus.Enhancer] - Adding field "[Ljava.lang.String; dnFieldNames"
17:04:52,023 (main) DEBUG [DataNucleus.Enhancer] - Adding field "int dnInheritedFieldCount"
17:04:52,023 (main) DEBUG [DataNucleus.Enhancer] - Adding method "void <clinit>()"
17:04:52,024 (main) DEBUG [DataNucleus.Enhancer] - Adding constructor "org.datanucleus.samples.jdo.osgi.Person()"
17:04:52,025 (main) DEBUG [DataNucleus.Enhancer] - Adding method "void dnCopyKeyFieldsFromObjectId(interface org.datanucleus.enhancer.Persistable$ObjectIdFieldConsumer fc, class java.lang.Object oid)"
17:04:52,025 (main) DEBUG [DataNucleus.Enhancer] - Adding method "void dnCopyKeyFieldsFromObjectId(class java.lang.Object oid)"
17:04:52,025 (main) DEBUG [DataNucleus.Enhancer] - Adding method "void dnCopyKeyFieldsToObjectId(class java.lang.Object oid)"
17:04:52,025 (main) DEBUG [DataNucleus.Enhancer] - Adding method "void dnCopyKeyFieldsToObjectId(interface org.datanucleus.enhancer.Persistable$ObjectIdFieldSupplier fs, class java.lang.Object oid)"
17:04:52,025 (main) DEBUG [DataNucleus.Enhancer] - Adding method "java.lang.Object dnGetObjectId()"
17:04:52,025 (main) DEBUG [DataNucleus.Enhancer] - Adding method "java.lang.Object dnGetVersion()"
17:04:52,026 (main) DEBUG [DataNucleus.Enhancer] - Adding method "void dnPreSerialize()"
17:04:52,026 (main) DEBUG [DataNucleus.Enhancer] - Adding method "org.datanucleus.ExecutionContext dnGetExecutionContext()"
17:04:52,026 (main) DEBUG [DataNucleus.Enhancer] - Adding method "java.lang.Object dnGetTransactionalObjectId()"
17:04:52,026 (main) DEBUG [DataNucleus.Enhancer] - Adding method "boolean dnIsDeleted()"
17:04:52,027 (main) DEBUG [DataNucleus.Enhancer] - Adding method "boolean dnIsDirty()"
17:04:52,027 (main) DEBUG [DataNucleus.Enhancer] - Adding method "boolean dnIsNew()"
17:04:52,027 (main) DEBUG [DataNucleus.Enhancer] - Adding method "boolean dnIsPersistent()"
17:04:52,027 (main) DEBUG [DataNucleus.Enhancer] - Adding method "boolean dnIsTransactional()"
17:04:52,027 (main) DEBUG [DataNucleus.Enhancer] - Adding method "void dnMakeDirty(class java.lang.String fieldName)"
17:04:52,027 (main) DEBUG [DataNucleus.Enhancer] - Adding method "java.lang.Object dnNewObjectIdInstance()"
17:04:52,027 (main) DEBUG [DataNucleus.Enhancer] - Adding method "java.lang.Object dnNewObjectIdInstance(class java.lang.Object key)"
17:04:52,027 (main) DEBUG [DataNucleus.Enhancer] - Adding method "void dnProvideFields(class [I indices)"
17:04:52,028 (main) DEBUG [DataNucleus.Enhancer] - Adding method "void dnReplaceFields(class [I indices)"
17:04:52,028 (main) DEBUG [DataNucleus.Enhancer] - Adding method "void dnReplaceFlags()"
17:04:52,028 (main) DEBUG [DataNucleus.Enhancer] - Adding method "void dnReplaceStateManager(interface org.datanucleus.state.StateManager sm)"
17:04:52,028 (main) DEBUG [DataNucleus.Enhancer] - Adding method "boolean dnIsDetached()"
17:04:52,028 (main) DEBUG [DataNucleus.Enhancer] - Adding method "org.datanucleus.enhancer.Persistable dnNewInstance(interface org.datanucleus.state.StateManager sm)"
17:04:52,028 (main) DEBUG [DataNucleus.Enhancer] - Adding method "org.datanucleus.enhancer.Persistable dnNewInstance(interface org.datanucleus.state.StateManager sm, class java.lang.Object obj)"
17:04:52,029 (main) DEBUG [DataNucleus.Enhancer] - Adding method "void dnReplaceField(int index)"
17:04:52,029 (main) DEBUG [DataNucleus.Enhancer] - Adding method "void dnProvideField(int index)"
17:04:52,029 (main) DEBUG [DataNucleus.Enhancer] - Adding method "void dnCopyField(class org.datanucleus.samples.jdo.osgi.Person obj, int index)"
17:04:52,029 (main) DEBUG [DataNucleus.Enhancer] - Adding method "void dnCopyFields(class java.lang.Object obj, class [I indices)"
17:04:52,029 (main) DEBUG [DataNucleus.Enhancer] - Adding method "[Ljava.lang.String; __dnFieldNamesInit()"
17:04:52,029 (main) DEBUG [DataNucleus.Enhancer] - Adding method "[Ljava.lang.Class; __dnFieldTypesInit()"
17:04:52,030 (main) DEBUG [DataNucleus.Enhancer] - Adding method "[B __dnFieldFlagsInit()"
17:04:52,030 (main) DEBUG [DataNucleus.Enhancer] - Adding method "int __dnGetInheritedFieldCount()"
17:04:52,030 (main) DEBUG [DataNucleus.Enhancer] - Adding method "int dnGetManagedFieldCount()"
17:04:52,030 (main) DEBUG [DataNucleus.Enhancer] - Adding method "java.lang.Class __dnPersistableSuperclassInit()"
17:04:52,030 (main) DEBUG [DataNucleus.Enhancer] - Adding method "java.lang.Class ___dn$loadClass(class java.lang.String className)"
17:04:52,030 (main) DEBUG [DataNucleus.Enhancer] - Adding method "java.lang.Object dnSuperClone()"
17:04:52,034 (main) DEBUG [DataNucleus.Enhancer] - Adding field "long serialVersionUID"
17:04:52,034 (main) DEBUG [DataNucleus.Enhancer] - Adding method "void writeObject(class java.io.ObjectOutputStream out)"
17:04:52,035 (main) DEBUG [DataNucleus.Enhancer] - Adding method "java.lang.String dnGetaddress(class org.datanucleus.samples.jdo.osgi.Person objPC)"
17:04:52,035 (main) DEBUG [DataNucleus.Enhancer] - Adding method "void dnSetaddress(class org.datanucleus.samples.jdo.osgi.Person objPC, class java.lang.String val)"
17:04:52,035 (main) DEBUG [DataNucleus.Enhancer] - Adding method "long dnGetage(class org.datanucleus.samples.jdo.osgi.Person objPC)"
17:04:52,035 (main) DEBUG [DataNucleus.Enhancer] - Adding method "void dnSetage(class org.datanucleus.samples.jdo.osgi.Person objPC, long val)"
17:04:52,036 (main) DEBUG [DataNucleus.Enhancer] - Adding method "long dnGetid(class org.datanucleus.samples.jdo.osgi.Person objPC)"
17:04:52,036 (main) DEBUG [DataNucleus.Enhancer] - Adding method "void dnSetid(class org.datanucleus.samples.jdo.osgi.Person objPC, long val)"
17:04:52,036 (main) DEBUG [DataNucleus.Enhancer] - Adding method "java.lang.String dnGetname(class org.datanucleus.samples.jdo.osgi.Person objPC)"
17:04:52,036 (main) DEBUG [DataNucleus.Enhancer] - Adding method "void dnSetname(class org.datanucleus.samples.jdo.osgi.Person objPC, class java.lang.String val)"
17:04:52,036 (main) INFO  [DataNucleus.Enhancer] - Writing class file "/home/andy/work/datanucleus/samples-jdo/osgi_basic/target/classes/org/datanucleus/samples/jdo/osgi/Person.class" with enhanced definition
17:04:52,037 (main) DEBUG [DataNucleus.Enhancer] - Enhance of class "org.datanucleus.samples.jdo.osgi.Person" completed
17:04:52,037 (main) INFO  [DataNucleus.Enhancer] - DataNucleus Enhancer completed with success for 1 classes.
